<?xml version = '1.0' encoding = 'ISO-8859-1' ?>
<!-- <!DOCTYPE XMI SYSTEM 'Model1311.DTD' > -->
<XMI xmi.version = '1.1' xmlns:Model='http://omg.org/mof.Model/1.3' timestamp = 'Wed Jun 29 16:01:05 2005' >
 <XMI.header>
  <XMI.documentation>
   <XMI.exporter>Unisys.JCR.1</XMI.exporter>
   <XMI.exporterVersion>1.3.4</XMI.exporterVersion>
  </XMI.documentation>
  <XMI.metamodel xmi.name = 'org.omg.mof.Model' xmi.version = '1.3'/>
 </XMI.header>
<XMI.content>
<!-- ==================== TestPackage    [Package] ==================== -->
<Model:Package xmi.id = 'a42C2A7F900F9' 
  name = 'TestPackage' annotation = '' 
  isRoot = 'false' isLeaf = 'false' isAbstract = 'false' visibility = 'public_vis' >
  <Model:Namespace.contents>
    <!-- ==================== TestPackage.Container    [Class] ==================== -->
    <Model:Class xmi.id = 'a42C2A40903AD' 
      name = 'Container' annotation = '' 
      isRoot = 'false' isLeaf = 'false' isAbstract = 'false' visibility = 'public_vis' 
      isSingleton = 'false' >
      <Model:Namespace.contents>
        <!-- ==================== TestPackage.Container.contents    [Reference] ==================== -->
        <Model:Reference xmi.id = 'ra42C2A41000DC' 
          name = 'contents' annotation = '' 
          scope = 'instance_level' visibility = 'public_vis' 
          isChangeable = 'true' 
          type = 'a42C2A40C00AE' 
          referencedEnd = 'a42C2A41000DC' >
          <Model:StructuralFeature.multiplicity>
            <Model:MultiplicityType lower = '0' upper = '-1' is_ordered = 'false' is_unique = 'true' />
          </Model:StructuralFeature.multiplicity>
        </Model:Reference>
      </Model:Namespace.contents>
    </Model:Class>
    <!-- ==================== TestPackage.com.urep.jcr.transient=true    [Tag] ==================== -->
    <Model:Tag xmi.id = 'G.4' 
      name = 'com.urep.jcr.transient=true' annotation = '' 
      tagId = 'com.urep.jcr.transient' 
      elements = 'a42C2A40903AD a42C2A40C00AE' >
      <Model:Tag.values>
        <XMI.any xmi.type = 'string' xmi.name = ''>true</XMI.any>
      </Model:Tag.values>
    </Model:Tag>
    <!-- ==================== TestPackage.Element    [Class] ==================== -->
    <Model:Class xmi.id = 'a42C2A40C00AE' 
      name = 'Element' annotation = '' 
      isRoot = 'false' isLeaf = 'false' isAbstract = 'false' visibility = 'public_vis' 
      isSingleton = 'false' />
    <!-- ==================== TestPackage.A_contents_container    [Association] ==================== -->
    <Model:Association xmi.id = 'a42C2A40F031F' 
      name = 'A_contents_container' annotation = '' 
      isRoot = 'true' isLeaf = 'true' isAbstract = 'false' visibility = 'public_vis' 
      isDerived = 'false' >
      <Model:Namespace.contents>
        <Model:AssociationEnd xmi.id = 'a42C2A41000DC' 
          name = 'contents' annotation = '' 
          isNavigable = 'true' aggregation = 'none' isChangeable = 'true' 
          type = 'a42C2A40C00AE' >
          <Model:AssociationEnd.multiplicity>
            <Model:MultiplicityType lower = '0' upper = '-1' is_ordered = 'false' is_unique = 'true' />
          </Model:AssociationEnd.multiplicity>
        </Model:AssociationEnd>
        <Model:AssociationEnd xmi.id = 'a42C2A41000DE' 
          name = 'container' annotation = '' 
          isNavigable = 'false' aggregation = 'composite' isChangeable = 'true' 
          type = 'a42C2A40903AD' >
          <Model:AssociationEnd.multiplicity>
            <Model:MultiplicityType lower = '1' upper = '1' is_ordered = 'false' is_unique = 'false' />
          </Model:AssociationEnd.multiplicity>
        </Model:AssociationEnd>
      </Model:Namespace.contents>
    </Model:Association>
  </Model:Namespace.contents>
</Model:Package>
</XMI.content>
</XMI>
